<?xml version="1.0" encoding="UTF-8"?>
<!-- Generated by org.testng.reporters.JUnitXMLReporter -->
<testsuite ignored="0" hostname="DESKTOP-BVNUARV" failures="1" tests="2" name="Default test(failed)" time="15.347" errors="0" timestamp="2025-09-08T18:24:14 IST">
  <testcase classname="com.ninza.crm.campaignstest.CreateCampaignTest2" name="CreateCampaignWithExpectedDateTest" time="2.664">
    <failure type="java.lang.AssertionError" message="expected [true] but found [false]">
      <![CDATA[java.lang.AssertionError: expected [true] but found [false]
at com.ninza.crm.campaignstest.CreateCampaignTest2.CreateCampaignWithExpectedDateTest(CreateCampaignTest2.java:114)
at java.base/java.util.ArrayList.forEach(ArrayList.java:1596)
... Removed 29 stack frames]]>
    </failure>
  </testcase> <!-- CreateCampaignWithExpectedDateTest -->
  <testcase classname="com.ninza.crm.campaignstest.CreateCampaignTest2" name="createCampaignWithMandatoryFieldsTest" time="3.842"/>
</testsuite> <!-- Default test(failed) -->
