<?xml version="1.0" encoding="UTF-8"?>
<!-- Generated by org.testng.reporters.JUnitXMLReporter -->
<testsuite ignored="4" hostname="DESKTOP-BVNUARV" failures="1" tests="3" name="Test" time="38.295" errors="0" timestamp="2025-09-11T15:08:43 IST">
  <testcase classname="com.ninza.crm.campaignstest.CreateCampaignTest2" name="CreateCampaignWithExpectedDateTest" time="3.873">
    <failure type="java.lang.AssertionError" message="expected [true] but found [false]">
      <![CDATA[java.lang.AssertionError: expected [true] but found [false]
at com.ninza.crm.campaignstest.CreateCampaignTest2.CreateCampaignWithExpectedDateTest(CreateCampaignTest2.java:114)
at java.base/java.util.ArrayList.forEach(ArrayList.java:1596)
... Removed 29 stack frames]]>
    </failure>
  </testcase> <!-- CreateCampaignWithExpectedDateTest -->
  <testcase classname="com.ninza.crm.campaignstest.CreateCampaignTest2" name="createCampaignWithMandatoryFieldsTest" time="4.13"/>
  <testcase classname="com.ninza.crm.producttest.CreateProductTest2" name="createProductWithMandatoryFieldTest" time="5.916"/>
  <testcase classname="com.ninza.crm.baseclass.BaseClass2" name="@AfterTest afterTest" time="0.0">
    <ignored/>
  </testcase> <!-- @AfterTest afterTest -->
  <testcase classname="com.ninza.crm.baseclass.BaseClass2" name="@BeforeTest beforeTest" time="0.0">
    <ignored/>
  </testcase> <!-- @BeforeTest beforeTest -->
  <testcase classname="com.ninza.crm.baseclass.BaseClass2" name="@BeforeSuite beforeSuite" time="0.0">
    <ignored/>
  </testcase> <!-- @BeforeSuite beforeSuite -->
  <testcase classname="com.ninza.crm.baseclass.BaseClass2" name="@AfterSuite afterSuite" time="0.0">
    <ignored/>
  </testcase> <!-- @AfterSuite afterSuite -->
</testsuite> <!-- Test -->
