<?xml version="1.0" encoding="UTF-8"?>
<testng-results ignored="0" total="3" passed="2" failed="1" skipped="0">
  <reporter-output>
  </reporter-output>
  <suite started-at="2025-09-11T15:08:04 IST" name="Suite" finished-at="2025-09-11T15:08:43 IST" duration-ms="38295">
    <groups>
      <group name="Regression">
        <method signature="CreateCampaignTest2.CreateCampaignWithExpectedDateTest()[pri:0, instance:com.ninza.crm.campaignstest.CreateCampaignTest2@7817fd62]" name="CreateCampaignWithExpectedDateTest" class="com.ninza.crm.campaignstest.CreateCampaignTest2"/>
        <method signature="CreateProductTest2.createProductWithMandatoryFieldTest()[pri:0, instance:com.ninza.crm.producttest.CreateProductTest2@3bd82cf5]" name="createProductWithMandatoryFieldTest" class="com.ninza.crm.producttest.CreateProductTest2"/>
      </group> <!-- Regression -->
      <group name="Smoke">
        <method signature="CreateCampaignTest2.createCampaignWithMandatoryFieldsTest()[pri:0, instance:com.ninza.crm.campaignstest.CreateCampaignTest2@7817fd62]" name="createCampaignWithMandatoryFieldsTest" class="com.ninza.crm.campaignstest.CreateCampaignTest2"/>
        <method signature="CreateProductTest2.createProductWithMandatoryFieldTest()[pri:0, instance:com.ninza.crm.producttest.CreateProductTest2@3bd82cf5]" name="createProductWithMandatoryFieldTest" class="com.ninza.crm.producttest.CreateProductTest2"/>
      </group> <!-- Smoke -->
    </groups>
    <test started-at="2025-09-11T15:08:04 IST" name="Test" finished-at="2025-09-11T15:08:43 IST" duration-ms="38295">
      <class name="com.ninza.crm.campaignstest.CreateCampaignTest2">
        <test-method is-config="true" signature="beforeSuite()[pri:0, instance:com.ninza.crm.campaignstest.CreateCampaignTest2@7817fd62]" started-at="2025-09-11T15:08:04 IST" name="beforeSuite" finished-at="2025-09-11T15:08:04 IST" duration-ms="20" status="PASS">
          <reporter-output>
          </reporter-output>
        </test-method> <!-- beforeSuite -->
        <test-method is-config="true" signature="beforeTest()[pri:0, instance:com.ninza.crm.campaignstest.CreateCampaignTest2@7817fd62]" started-at="2025-09-11T15:08:04 IST" name="beforeTest" finished-at="2025-09-11T15:08:04 IST" duration-ms="1" status="PASS">
          <reporter-output>
          </reporter-output>
        </test-method> <!-- beforeTest -->
        <test-method is-config="true" signature="beforeClass()[pri:0, instance:com.ninza.crm.campaignstest.CreateCampaignTest2@7817fd62]" started-at="2025-09-11T15:08:04 IST" name="beforeClass" finished-at="2025-09-11T15:08:10 IST" duration-ms="5997" status="PASS">
          <reporter-output>
          </reporter-output>
        </test-method> <!-- beforeClass -->
        <test-method is-config="true" signature="beforeMethod()[pri:0, instance:com.ninza.crm.campaignstest.CreateCampaignTest2@7817fd62]" started-at="2025-09-11T15:08:10 IST" name="beforeMethod" finished-at="2025-09-11T15:08:16 IST" duration-ms="5436" status="PASS">
          <reporter-output>
          </reporter-output>
        </test-method> <!-- beforeMethod -->
        <test-method signature="CreateCampaignWithExpectedDateTest()[pri:0, instance:com.ninza.crm.campaignstest.CreateCampaignTest2@7817fd62]" started-at="2025-09-11T15:08:16 IST" name="CreateCampaignWithExpectedDateTest" finished-at="2025-09-11T15:08:20 IST" duration-ms="3873" status="FAIL">
          <exception class="java.lang.AssertionError">
            <message>
              <![CDATA[expected [true] but found [false]]]>
            </message>
            <full-stacktrace>
              <![CDATA[java.lang.AssertionError: expected [true] but found [false]
at org.testng.Assert.fail(Assert.java:111)
at org.testng.Assert.failNotEquals(Assert.java:1590)
at org.testng.Assert.assertTrue(Assert.java:57)
at org.testng.Assert.assertTrue(Assert.java:67)
at com.ninza.crm.campaignstest.CreateCampaignTest2.CreateCampaignWithExpectedDateTest(CreateCampaignTest2.java:114)
at java.base/jdk.internal.reflect.DirectMethodHandleAccessor.invoke(DirectMethodHandleAccessor.java:103)
at java.base/java.lang.reflect.Method.invoke(Method.java:580)
at org.testng.internal.invokers.MethodInvocationHelper.invokeMethod(MethodInvocationHelper.java:141)
at org.testng.internal.invokers.TestInvoker.invokeMethod(TestInvoker.java:687)
at org.testng.internal.invokers.TestInvoker.invokeTestMethod(TestInvoker.java:230)
at org.testng.internal.invokers.MethodRunner.runInSequence(MethodRunner.java:63)
at org.testng.internal.invokers.TestInvoker$MethodInvocationAgent.invoke(TestInvoker.java:995)
at org.testng.internal.invokers.TestInvoker.invokeTestMethods(TestInvoker.java:203)
at org.testng.internal.invokers.TestMethodWorker.invokeTestMethods(TestMethodWorker.java:154)
at org.testng.internal.invokers.TestMethodWorker.run(TestMethodWorker.java:134)
at java.base/java.util.ArrayList.forEach(ArrayList.java:1596)
at org.testng.TestRunner.privateRun(TestRunner.java:741)
at org.testng.TestRunner.run(TestRunner.java:616)
at org.testng.SuiteRunner.runTest(SuiteRunner.java:421)
at org.testng.SuiteRunner.runSequentially(SuiteRunner.java:413)
at org.testng.SuiteRunner.privateRun(SuiteRunner.java:373)
at org.testng.SuiteRunner.run(SuiteRunner.java:312)
at org.testng.SuiteRunnerWorker.runSuite(SuiteRunnerWorker.java:52)
at org.testng.SuiteRunnerWorker.run(SuiteRunnerWorker.java:95)
at org.testng.TestNG.runSuitesSequentially(TestNG.java:1274)
at org.testng.TestNG.runSuitesLocally(TestNG.java:1208)
at org.testng.TestNG.runSuites(TestNG.java:1112)
at org.testng.TestNG.run(TestNG.java:1079)
at org.testng.remote.AbstractRemoteTestNG.run(AbstractRemoteTestNG.java:115)
at org.testng.remote.RemoteTestNG.initAndRun(RemoteTestNG.java:293)
at org.testng.remote.RemoteTestNG.main(RemoteTestNG.java:91)
]]>
            </full-stacktrace>
          </exception> <!-- java.lang.AssertionError -->
          <reporter-output>
          </reporter-output>
        </test-method> <!-- CreateCampaignWithExpectedDateTest -->
        <test-method is-config="true" signature="afterMethod()[pri:0, instance:com.ninza.crm.campaignstest.CreateCampaignTest2@7817fd62]" started-at="2025-09-11T15:08:20 IST" name="afterMethod" finished-at="2025-09-11T15:08:22 IST" duration-ms="1984" status="PASS">
          <reporter-output>
          </reporter-output>
        </test-method> <!-- afterMethod -->
        <test-method is-config="true" signature="beforeMethod()[pri:0, instance:com.ninza.crm.campaignstest.CreateCampaignTest2@7817fd62]" started-at="2025-09-11T15:08:22 IST" name="beforeMethod" finished-at="2025-09-11T15:08:25 IST" duration-ms="2959" status="PASS">
          <reporter-output>
          </reporter-output>
        </test-method> <!-- beforeMethod -->
        <test-method signature="createCampaignWithMandatoryFieldsTest()[pri:0, instance:com.ninza.crm.campaignstest.CreateCampaignTest2@7817fd62]" started-at="2025-09-11T15:08:25 IST" name="createCampaignWithMandatoryFieldsTest" finished-at="2025-09-11T15:08:29 IST" duration-ms="4130" status="PASS">
          <reporter-output>
          </reporter-output>
        </test-method> <!-- createCampaignWithMandatoryFieldsTest -->
        <test-method is-config="true" signature="afterMethod()[pri:0, instance:com.ninza.crm.campaignstest.CreateCampaignTest2@7817fd62]" started-at="2025-09-11T15:08:29 IST" name="afterMethod" finished-at="2025-09-11T15:08:31 IST" duration-ms="1404" status="PASS">
          <reporter-output>
          </reporter-output>
        </test-method> <!-- afterMethod -->
        <test-method is-config="true" signature="afterClass()[pri:0, instance:com.ninza.crm.campaignstest.CreateCampaignTest2@7817fd62]" started-at="2025-09-11T15:08:31 IST" name="afterClass" finished-at="2025-09-11T15:08:31 IST" duration-ms="416" status="PASS">
          <reporter-output>
          </reporter-output>
        </test-method> <!-- afterClass -->
        <test-method is-config="true" signature="afterTest()[pri:0, instance:com.ninza.crm.campaignstest.CreateCampaignTest2@7817fd62]" started-at="2025-09-11T15:08:43 IST" name="afterTest" finished-at="2025-09-11T15:08:43 IST" duration-ms="1" status="PASS">
          <reporter-output>
          </reporter-output>
        </test-method> <!-- afterTest -->
        <test-method is-config="true" signature="afterSuite()[pri:0, instance:com.ninza.crm.campaignstest.CreateCampaignTest2@7817fd62]" started-at="2025-09-11T15:08:43 IST" name="afterSuite" finished-at="2025-09-11T15:08:43 IST" duration-ms="1" status="PASS">
          <reporter-output>
          </reporter-output>
        </test-method> <!-- afterSuite -->
      </class> <!-- com.ninza.crm.campaignstest.CreateCampaignTest2 -->
      <class name="com.ninza.crm.producttest.CreateProductTest2">
        <test-method is-config="true" signature="beforeClass()[pri:0, instance:com.ninza.crm.producttest.CreateProductTest2@3bd82cf5]" started-at="2025-09-11T15:08:31 IST" name="beforeClass" finished-at="2025-09-11T15:08:32 IST" duration-ms="1270" status="PASS">
          <reporter-output>
          </reporter-output>
        </test-method> <!-- beforeClass -->
        <test-method is-config="true" signature="beforeMethod()[pri:0, instance:com.ninza.crm.producttest.CreateProductTest2@3bd82cf5]" started-at="2025-09-11T15:08:32 IST" name="beforeMethod" finished-at="2025-09-11T15:08:34 IST" duration-ms="1993" status="PASS">
          <reporter-output>
          </reporter-output>
        </test-method> <!-- beforeMethod -->
        <test-method signature="createProductWithMandatoryFieldTest()[pri:0, instance:com.ninza.crm.producttest.CreateProductTest2@3bd82cf5]" started-at="2025-09-11T15:08:34 IST" name="createProductWithMandatoryFieldTest" finished-at="2025-09-11T15:08:40 IST" duration-ms="5916" status="PASS">
          <reporter-output>
          </reporter-output>
        </test-method> <!-- createProductWithMandatoryFieldTest -->
        <test-method is-config="true" signature="afterMethod()[pri:0, instance:com.ninza.crm.producttest.CreateProductTest2@3bd82cf5]" started-at="2025-09-11T15:08:40 IST" name="afterMethod" finished-at="2025-09-11T15:08:42 IST" duration-ms="2098" status="PASS">
          <reporter-output>
          </reporter-output>
        </test-method> <!-- afterMethod -->
        <test-method is-config="true" signature="afterClass()[pri:0, instance:com.ninza.crm.producttest.CreateProductTest2@3bd82cf5]" started-at="2025-09-11T15:08:42 IST" name="afterClass" finished-at="2025-09-11T15:08:43 IST" duration-ms="442" status="PASS">
          <reporter-output>
          </reporter-output>
        </test-method> <!-- afterClass -->
      </class> <!-- com.ninza.crm.producttest.CreateProductTest2 -->
    </test> <!-- Test -->
  </suite> <!-- Suite -->
</testng-results>
